<?xml version="1.0" encoding="UTF-8"?>
<!-- Generated by org.testng.reporters.JUnitReportReporter -->
<testsuite hostname="SHREE" failures="0" tests="6" name="api.test.DataDriven_UserTest" time="10.376" errors="0" timestamp="2024-01-08T17:12:16 IST" skipped="0">
  <testcase classname="api.test.DataDriven_UserTest" name="testPostUser" time="1.075"/>
  <system-out/>
  <testcase classname="api.test.DataDriven_UserTest" name="testPostUser" time="4.122"/>
  <system-out/>
  <testcase classname="api.test.DataDriven_UserTest" name="testPostUser" time="1.243"/>
  <system-out/>
  <testcase classname="api.test.DataDriven_UserTest" name="testDeleteByUser" time="1.082"/>
  <system-out/>
  <testcase classname="api.test.DataDriven_UserTest" name="testDeleteByUser" time="1.414"/>
  <system-out/>
  <testcase classname="api.test.DataDriven_UserTest" name="testDeleteByUser" time="1.440"/>
  <system-out/>
</testsuite> <!-- api.test.DataDriven_UserTest -->
