<?xml version="1.0" encoding="UTF-8"?>
<!-- Generated by org.testng.reporters.JUnitReportReporter -->
<testsuite hostname="SHREE" failures="0" tests="4" name="api.test.UserTest2" time="12.188" errors="0" timestamp="2024-01-08T20:28:10 IST" skipped="0">
  <testcase classname="api.test.UserTest2" name="testPostUser" time="4.356"/>
  <testcase classname="api.test.UserTest2" name="testGetUserByName" time="2.424"/>
  <testcase classname="api.test.UserTest2" name="testUpdateUserByName" time="4.004"/>
  <testcase classname="api.test.UserTest2" name="testDeleteUserByName" time="1.404"/>
</testsuite> <!-- api.test.UserTest2 -->
