<?xml version="1.0" encoding="UTF-8"?>
<!-- Generated by org.testng.reporters.JUnitReportReporter -->
<testsuite hostname="SHREE" failures="0" tests="4" name="api.test.UserTest" time="9.595" errors="0" timestamp="2024-01-08T20:09:55 IST" skipped="0">
  <testcase classname="api.test.UserTest" name="testPostUser" time="4.491"/>
  <testcase classname="api.test.UserTest" name="testGetUserByName" time="1.329"/>
  <testcase classname="api.test.UserTest" name="testUpdateUserByName" time="2.435"/>
  <testcase classname="api.test.UserTest" name="testDeleteUserByName" time="1.340"/>
</testsuite> <!-- api.test.UserTest -->
