<?xml version="1.0" encoding="UTF-8"?>
<!-- Generated by org.testng.reporters.JUnitReportReporter -->
<testsuite hostname="SHREE" failures="0" tests="4" name="api.test.UserTest2" time="10.369" errors="0" timestamp="2024-01-08T23:36:46 IST" skipped="0">
  <testcase classname="api.test.UserTest2" name="testPostUser" time="5.605"/>
  <testcase classname="api.test.UserTest2" name="testGetUserByName" time="1.169"/>
  <testcase classname="api.test.UserTest2" name="testUpdateUserByName" time="2.529"/>
  <testcase classname="api.test.UserTest2" name="testDeleteUserByName" time="1.066"/>
</testsuite> <!-- api.test.UserTest2 -->
