<?xml version="1.0" encoding="UTF-8"?>
<!-- Generated by org.testng.reporters.JUnitReportReporter -->
<testsuite hostname="SHREE" failures="0" tests="4" name="api.test.UserTest2" time="12.211" errors="0" timestamp="2024-01-08T22:36:48 IST" skipped="0">
  <testcase classname="api.test.UserTest2" name="testPostUser" time="6.849"/>
  <testcase classname="api.test.UserTest2" name="testGetUserByName" time="1.419"/>
  <testcase classname="api.test.UserTest2" name="testUpdateUserByName" time="2.756"/>
  <testcase classname="api.test.UserTest2" name="testDeleteUserByName" time="1.187"/>
</testsuite> <!-- api.test.UserTest2 -->
